<?xml version="1.0" encoding="UTF-8"?>
<coverage generated="1759963230738" clover="3.2.0">
  <project timestamp="1759963230738" name="All files">
    <metrics statements="25" coveredstatements="25" conditionals="23" coveredconditionals="18" methods="11" coveredmethods="11" elements="59" coveredelements="54" complexity="0" loc="25" ncloc="25" packages="1" files="1" classes="1"/>
    <file name="testUtils.js" path="C:\gestionale-clean\__tests__\testUtils.js">
      <metrics statements="25" coveredstatements="25" conditionals="23" coveredconditionals="18" methods="11" coveredmethods="11"/>
      <line num="4" count="1" type="stmt"/>
      <line num="7" count="2" type="stmt"/>
      <line num="8" count="7" type="stmt"/>
      <line num="13" count="6" type="cond" truecount="5" falsecount="0"/>
      <line num="14" count="2" type="stmt"/>
      <line num="19" count="4" type="stmt"/>
      <line num="24" count="4" type="stmt"/>
      <line num="25" count="1008" type="cond" truecount="4" falsecount="0"/>
      <line num="26" count="1008" type="stmt"/>
      <line num="31" count="1" type="cond" truecount="0" falsecount="1"/>
      <line num="41" count="1009" type="cond" truecount="1" falsecount="0"/>
      <line num="50" count="1" type="cond" truecount="0" falsecount="2"/>
      <line num="57" count="1" type="stmt"/>
      <line num="60" count="2" type="cond" truecount="4" falsecount="0"/>
      <line num="61" count="1" type="stmt"/>
      <line num="64" count="1" type="stmt"/>
      <line num="66" count="1" type="stmt"/>
      <line num="76" count="2" type="stmt"/>
      <line num="77" count="2" type="stmt"/>
      <line num="79" count="2" type="stmt"/>
      <line num="80" count="6" type="stmt"/>
      <line num="81" count="6" type="cond" truecount="2" falsecount="0"/>
      <line num="82" count="2" type="cond" truecount="1" falsecount="1"/>
      <line num="83" count="2" type="stmt"/>
      <line num="87" count="2" type="stmt"/>
    </file>
  </project>
</coverage>
