{"C:\\gestionale-clean\\__tests__\\testUtils.js": {"path":"C:\\gestionale-clean\\__tests__\\testUtils.js","statementMap":{"0":{"start":{"line":4,"column":27},"end":{"line":55,"column":1}},"1":{"start":{"line":7,"column":27},"end":{"line":7,"column":67}},"2":{"start":{"line":8,"column":4},"end":{"line":8,"column":70}},"3":{"start":{"line":8,"column":41},"end":{"line":8,"column":68}},"4":{"start":{"line":13,"column":4},"end":{"line":18,"column":5}},"5":{"start":{"line":14,"column":6},"end":{"line":17,"column":8}},"6":{"start":{"line":19,"column":4},"end":{"line":19,"column":42}},"7":{"start":{"line":24,"column":4},"end":{"line":27,"column":10}},"8":{"start":{"line":25,"column":24},"end":{"line":25,"column":64}},"9":{"start":{"line":26,"column":6},"end":{"line":26,"column":29}},"10":{"start":{"line":31,"column":34},"end":{"line":39,"column":3}},"11":{"start":{"line":41,"column":37},"end":{"line":47,"column":3}},"12":{"start":{"line":50,"column":65},"end":{"line":54,"column":3}},"13":{"start":{"line":57,"column":29},"end":{"line":89,"column":1}},"14":{"start":{"line":60,"column":4},"end":{"line":62,"column":5}},"15":{"start":{"line":61,"column":6},"end":{"line":61,"column":62}},"16":{"start":{"line":64,"column":18},"end":{"line":64,"column":65}},"17":{"start":{"line":66,"column":4},"end":{"line":71,"column":6}},"18":{"start":{"line":76,"column":19},"end":{"line":76,"column":21}},"19":{"start":{"line":77,"column":18},"end":{"line":77,"column":22}},"20":{"start":{"line":79,"column":4},"end":{"line":85,"column":7}},"21":{"start":{"line":80,"column":25},"end":{"line":80,"column":65}},"22":{"start":{"line":81,"column":6},"end":{"line":84,"column":7}},"23":{"start":{"line":82,"column":8},"end":{"line":82,"column":61}},"24":{"start":{"line":83,"column":8},"end":{"line":83,"column":24}},"25":{"start":{"line":87,"column":4},"end":{"line":87,"column":31}}},"fnMap":{"0":{"name":"(anonymous_0)","decl":{"start":{"line":6,"column":26},"end":{"line":6,"column":27}},"loc":{"start":{"line":6,"column":37},"end":{"line":9,"column":3}},"line":6},"1":{"name":"(anonymous_1)","decl":{"start":{"line":8,"column":32},"end":{"line":8,"column":33}},"loc":{"start":{"line":8,"column":41},"end":{"line":8,"column":68}},"line":8},"2":{"name":"(anonymous_2)","decl":{"start":{"line":12,"column":25},"end":{"line":12,"column":26}},"loc":{"start":{"line":12,"column":36},"end":{"line":20,"column":3}},"line":12},"3":{"name":"(anonymous_3)","decl":{"start":{"line":23,"column":22},"end":{"line":23,"column":23}},"loc":{"start":{"line":23,"column":33},"end":{"line":28,"column":3}},"line":23},"4":{"name":"(anonymous_4)","decl":{"start":{"line":24,"column":24},"end":{"line":24,"column":25}},"loc":{"start":{"line":24,"column":39},"end":{"line":27,"column":5}},"line":24},"5":{"name":"(anonymous_5)","decl":{"start":{"line":31,"column":13},"end":{"line":31,"column":14}},"loc":{"start":{"line":31,"column":34},"end":{"line":39,"column":3}},"line":31},"6":{"name":"(anonymous_6)","decl":{"start":{"line":41,"column":16},"end":{"line":41,"column":17}},"loc":{"start":{"line":41,"column":37},"end":{"line":47,"column":3}},"line":41},"7":{"name":"(anonymous_7)","decl":{"start":{"line":50,"column":16},"end":{"line":50,"column":17}},"loc":{"start":{"line":50,"column":65},"end":{"line":54,"column":3}},"line":50},"8":{"name":"(anonymous_8)","decl":{"start":{"line":59,"column":16},"end":{"line":59,"column":17}},"loc":{"start":{"line":59,"column":31},"end":{"line":72,"column":3}},"line":59},"9":{"name":"(anonymous_9)","decl":{"start":{"line":75,"column":16},"end":{"line":75,"column":17}},"loc":{"start":{"line":75,"column":28},"end":{"line":88,"column":3}},"line":75},"10":{"name":"(anonymous_10)","decl":{"start":{"line":79,"column":19},"end":{"line":79,"column":20}},"loc":{"start":{"line":79,"column":28},"end":{"line":85,"column":5}},"line":79}},"branchMap":{"0":{"loc":{"start":{"line":13,"column":4},"end":{"line":18,"column":5}},"type":"if","locations":[{"start":{"line":13,"column":4},"end":{"line":18,"column":5}},{"start":{},"end":{}}],"line":13},"1":{"loc":{"start":{"line":13,"column":8},"end":{"line":13,"column":69}},"type":"binary-expr","locations":[{"start":{"line":13,"column":8},"end":{"line":13,"column":22}},{"start":{"line":13,"column":27},"end":{"line":13,"column":39}},{"start":{"line":13,"column":43},"end":{"line":13,"column":68}}],"line":13},"2":{"loc":{"start":{"line":16,"column":24},"end":{"line":16,"column":49}},"type":"binary-expr","locations":[{"start":{"line":16,"column":24},"end":{"line":16,"column":34}},{"start":{"line":16,"column":38},"end":{"line":16,"column":49}}],"line":16},"3":{"loc":{"start":{"line":25,"column":25},"end":{"line":25,"column":40}},"type":"binary-expr","locations":[{"start":{"line":25,"column":25},"end":{"line":25,"column":35}},{"start":{"line":25,"column":39},"end":{"line":25,"column":40}}],"line":25},"4":{"loc":{"start":{"line":25,"column":45},"end":{"line":25,"column":63}},"type":"binary-expr","locations":[{"start":{"line":25,"column":45},"end":{"line":25,"column":58}},{"start":{"line":25,"column":62},"end":{"line":25,"column":63}}],"line":25},"5":{"loc":{"start":{"line":31,"column":14},"end":{"line":31,"column":28}},"type":"default-arg","locations":[{"start":{"line":31,"column":26},"end":{"line":31,"column":28}}],"line":31},"6":{"loc":{"start":{"line":41,"column":17},"end":{"line":41,"column":31}},"type":"default-arg","locations":[{"start":{"line":41,"column":29},"end":{"line":41,"column":31}}],"line":41},"7":{"loc":{"start":{"line":50,"column":17},"end":{"line":50,"column":33}},"type":"default-arg","locations":[{"start":{"line":50,"column":30},"end":{"line":50,"column":33}}],"line":50},"8":{"loc":{"start":{"line":50,"column":35},"end":{"line":50,"column":59}},"type":"default-arg","locations":[{"start":{"line":50,"column":45},"end":{"line":50,"column":59}}],"line":50},"9":{"loc":{"start":{"line":60,"column":4},"end":{"line":62,"column":5}},"type":"if","locations":[{"start":{"line":60,"column":4},"end":{"line":62,"column":5}},{"start":{},"end":{}}],"line":60},"10":{"loc":{"start":{"line":60,"column":8},"end":{"line":60,"column":56}},"type":"binary-expr","locations":[{"start":{"line":60,"column":8},"end":{"line":60,"column":24}},{"start":{"line":60,"column":28},"end":{"line":60,"column":56}}],"line":60},"11":{"loc":{"start":{"line":81,"column":6},"end":{"line":84,"column":7}},"type":"if","locations":[{"start":{"line":81,"column":6},"end":{"line":84,"column":7}},{"start":{},"end":{}}],"line":81},"12":{"loc":{"start":{"line":82,"column":15},"end":{"line":82,"column":40}},"type":"binary-expr","locations":[{"start":{"line":82,"column":15},"end":{"line":82,"column":25}},{"start":{"line":82,"column":29},"end":{"line":82,"column":40}}],"line":82}},"s":{"0":1,"1":2,"2":2,"3":7,"4":6,"5":2,"6":4,"7":4,"8":1008,"9":1008,"10":1,"11":1009,"12":1,"13":1,"14":2,"15":1,"16":1,"17":1,"18":2,"19":2,"20":2,"21":6,"22":6,"23":2,"24":2,"25":2},"f":{"0":2,"1":7,"2":6,"3":4,"4":1008,"5":1,"6":1009,"7":1,"8":2,"9":2,"10":6},"b":{"0":[2,4],"1":[6,5,4],"2":[2,0],"3":[1008,2],"4":[1008,1],"5":[0],"6":[1],"7":[0],"8":[0],"9":[1,1],"10":[2,2],"11":[2,4],"12":[2,0]},"_coverageSchema":"1a1c01bbd47fc00a2c39e90264f33305004495a9","hash":"0233063ec825c9dda801c102e0453100c2ef18d8"}
}
