TN:
SF:__tests__\testUtils.js
FN:6,(anonymous_0)
FN:8,(anonymous_1)
FN:12,(anonymous_2)
FN:23,(anonymous_3)
FN:24,(anonymous_4)
FN:31,(anonymous_5)
FN:41,(anonymous_6)
FN:50,(anonymous_7)
FN:59,(anonymous_8)
FN:75,(anonymous_9)
FN:79,(anonymous_10)
FNF:11
FNH:11
FNDA:2,(anonymous_0)
FNDA:7,(anonymous_1)
FNDA:6,(anonymous_2)
FNDA:4,(anonymous_3)
FNDA:1008,(anonymous_4)
FNDA:1,(anonymous_5)
FNDA:1009,(anonymous_6)
FNDA:1,(anonymous_7)
FNDA:2,(anonymous_8)
FNDA:2,(anonymous_9)
FNDA:6,(anonymous_10)
DA:4,1
DA:7,2
DA:8,7
DA:13,6
DA:14,2
DA:19,4
DA:24,4
DA:25,1008
DA:26,1008
DA:31,1
DA:41,1009
DA:50,1
DA:57,1
DA:60,2
DA:61,1
DA:64,1
DA:66,1
DA:76,2
DA:77,2
DA:79,2
DA:80,6
DA:81,6
DA:82,2
DA:83,2
DA:87,2
LF:25
LH:25
BRDA:13,0,0,2
BRDA:13,0,1,4
BRDA:13,1,0,6
BRDA:13,1,1,5
BRDA:13,1,2,4
BRDA:16,2,0,2
BRDA:16,2,1,0
BRDA:25,3,0,1008
BRDA:25,3,1,2
BRDA:25,4,0,1008
BRDA:25,4,1,1
BRDA:31,5,0,0
BRDA:41,6,0,1
BRDA:50,7,0,0
BRDA:50,8,0,0
BRDA:60,9,0,1
BRDA:60,9,1,1
BRDA:60,10,0,2
BRDA:60,10,1,2
BRDA:81,11,0,2
BRDA:81,11,1,4
BRDA:82,12,0,2
BRDA:82,12,1,0
BRF:23
BRH:18
end_of_record
